C:\Users\admin\documents\visual studio 2010\Projects\DemoDialog\Debug\DemoDialog.pdb
C:\Users\admin\documents\visual studio 2010\Projects\DemoDialog\DemoDialog\Debug\cl.command.1.tlog
C:\Users\admin\documents\visual studio 2010\Projects\DemoDialog\DemoDialog\Debug\CL.read.1.tlog
C:\Users\admin\documents\visual studio 2010\Projects\DemoDialog\DemoDialog\Debug\CL.write.1.tlog
C:\Users\admin\documents\visual studio 2010\Projects\DemoDialog\DemoDialog\Debug\DemoDialog.exe.embed.manifest
C:\USERS\ADMIN\DOCUMENTS\VISUAL STUDIO 2010\PROJECTS\DEMODIALOG\DEMODIALOG\DEBUG\DEMODIALOG.EXE.EMBED.MANIFEST.RES
C:\Users\admin\documents\visual studio 2010\Projects\DemoDialog\DemoDialog\Debug\DemoDialog.exe.intermediate.manifest
C:\USERS\ADMIN\DOCUMENTS\VISUAL STUDIO 2010\PROJECTS\DEMODIALOG\DEMODIALOG\DEBUG\DEMODIALOG.OBJ
C:\USERS\ADMIN\DOCUMENTS\VISUAL STUDIO 2010\PROJECTS\DEMODIALOG\DEMODIALOG\DEBUG\DEMODIALOG.PCH
C:\USERS\ADMIN\DOCUMENTS\VISUAL STUDIO 2010\PROJECTS\DEMODIALOG\DEMODIALOG\DEBUG\DEMODIALOG.RES
C:\Users\admin\documents\visual studio 2010\Projects\DemoDialog\DemoDialog\Debug\DemoDialog_manifest.rc
C:\USERS\ADMIN\DOCUMENTS\VISUAL STUDIO 2010\PROJECTS\DEMODIALOG\DEMODIALOG\DEBUG\DEMODIALOGDLG.OBJ
C:\Users\admin\documents\visual studio 2010\Projects\DemoDialog\DemoDialog\Debug\link.command.1.tlog
C:\Users\admin\documents\visual studio 2010\Projects\DemoDialog\DemoDialog\Debug\link.read.1.tlog
C:\Users\admin\documents\visual studio 2010\Projects\DemoDialog\DemoDialog\Debug\link.write.1.tlog
C:\Users\admin\documents\visual studio 2010\Projects\DemoDialog\DemoDialog\Debug\link-cvtres.read.1.tlog
C:\Users\admin\documents\visual studio 2010\Projects\DemoDialog\DemoDialog\Debug\link-cvtres.write.1.tlog
C:\Users\admin\documents\visual studio 2010\Projects\DemoDialog\DemoDialog\Debug\rc.command.1.tlog
C:\Users\admin\documents\visual studio 2010\Projects\DemoDialog\DemoDialog\Debug\rc.read.1.tlog
C:\Users\admin\documents\visual studio 2010\Projects\DemoDialog\DemoDialog\Debug\rc.write.1.tlog
C:\USERS\ADMIN\DOCUMENTS\VISUAL STUDIO 2010\PROJECTS\DEMODIALOG\DEMODIALOG\DEBUG\STDAFX.OBJ
C:\Users\admin\documents\visual studio 2010\Projects\DemoDialog\DemoDialog\Debug\vc100.idb
C:\USERS\ADMIN\DOCUMENTS\VISUAL STUDIO 2010\PROJECTS\DEMODIALOG\DEMODIALOG\DEBUG\VC100.PDB
